<?xml version="1.0" encoding="UTF-8"?>
<testsuite xmlns:xsi="http://www.w3.org/2001/XMLSchema-instance" xsi:noNamespaceSchemaLocation="https://maven.apache.org/surefire/maven-surefire-plugin/xsd/surefire-test-report.xsd" version="3.0.2" name="com.example.medicalregister.MedicalRegisterApplicationTests" time="1.553" tests="1" errors="0" skipped="0" failures="0">
  <properties>
    <property name="java.specification.version" value="24"/>
    <property name="sun.jnu.encoding" value="UTF-8"/>
    <property name="java.class.path" value="/Users/eimon/Documents/EM_Data/Projects/coding-assessment-medical-registry/medicalregister/target/test-classes:/Users/eimon/Documents/EM_Data/Projects/coding-assessment-medical-registry/medicalregister/target/classes:/Users/eimon/.m2/repository/org/springframework/boot/spring-boot-starter/3.5.3/spring-boot-starter-3.5.3.jar:/Users/eimon/.m2/repository/org/springframework/boot/spring-boot/3.5.3/spring-boot-3.5.3.jar:/Users/eimon/.m2/repository/org/springframework/spring-context/6.2.8/spring-context-6.2.8.jar:/Users/eimon/.m2/repository/org/springframework/boot/spring-boot-autoconfigure/3.5.3/spring-boot-autoconfigure-3.5.3.jar:/Users/eimon/.m2/repository/org/springframework/boot/spring-boot-starter-logging/3.5.3/spring-boot-starter-logging-3.5.3.jar:/Users/eimon/.m2/repository/ch/qos/logback/logback-classic/1.5.18/logback-classic-1.5.18.jar:/Users/eimon/.m2/repository/ch/qos/logback/logback-core/1.5.18/logback-core-1.5.18.jar:/Users/eimon/.m2/repository/org/apache/logging/log4j/log4j-to-slf4j/2.24.3/log4j-to-slf4j-2.24.3.jar:/Users/eimon/.m2/repository/org/slf4j/jul-to-slf4j/2.0.17/jul-to-slf4j-2.0.17.jar:/Users/eimon/.m2/repository/jakarta/annotation/jakarta.annotation-api/2.1.1/jakarta.annotation-api-2.1.1.jar:/Users/eimon/.m2/repository/org/springframework/spring-core/6.2.8/spring-core-6.2.8.jar:/Users/eimon/.m2/repository/org/springframework/spring-jcl/6.2.8/spring-jcl-6.2.8.jar:/Users/eimon/.m2/repository/org/yaml/snakeyaml/2.4/snakeyaml-2.4.jar:/Users/eimon/.m2/repository/org/springframework/boot/spring-boot-starter-web/3.5.3/spring-boot-starter-web-3.5.3.jar:/Users/eimon/.m2/repository/org/springframework/boot/spring-boot-starter-json/3.5.3/spring-boot-starter-json-3.5.3.jar:/Users/eimon/.m2/repository/com/fasterxml/jackson/core/jackson-databind/2.19.1/jackson-databind-2.19.1.jar:/Users/eimon/.m2/repository/com/fasterxml/jackson/core/jackson-annotations/2.19.1/jackson-annotations-2.19.1.jar:/Users/eimon/.m2/repository/com/fasterxml/jackson/core/jackson-core/2.19.1/jackson-core-2.19.1.jar:/Users/eimon/.m2/repository/com/fasterxml/jackson/datatype/jackson-datatype-jdk8/2.19.1/jackson-datatype-jdk8-2.19.1.jar:/Users/eimon/.m2/repository/com/fasterxml/jackson/datatype/jackson-datatype-jsr310/2.19.1/jackson-datatype-jsr310-2.19.1.jar:/Users/eimon/.m2/repository/com/fasterxml/jackson/module/jackson-module-parameter-names/2.19.1/jackson-module-parameter-names-2.19.1.jar:/Users/eimon/.m2/repository/org/springframework/boot/spring-boot-starter-tomcat/3.5.3/spring-boot-starter-tomcat-3.5.3.jar:/Users/eimon/.m2/repository/org/apache/tomcat/embed/tomcat-embed-core/10.1.42/tomcat-embed-core-10.1.42.jar:/Users/eimon/.m2/repository/org/apache/tomcat/embed/tomcat-embed-el/10.1.42/tomcat-embed-el-10.1.42.jar:/Users/eimon/.m2/repository/org/apache/tomcat/embed/tomcat-embed-websocket/10.1.42/tomcat-embed-websocket-10.1.42.jar:/Users/eimon/.m2/repository/org/springframework/spring-web/6.2.8/spring-web-6.2.8.jar:/Users/eimon/.m2/repository/org/springframework/spring-beans/6.2.8/spring-beans-6.2.8.jar:/Users/eimon/.m2/repository/io/micrometer/micrometer-observation/1.15.1/micrometer-observation-1.15.1.jar:/Users/eimon/.m2/repository/io/micrometer/micrometer-commons/1.15.1/micrometer-commons-1.15.1.jar:/Users/eimon/.m2/repository/org/springframework/spring-webmvc/6.2.8/spring-webmvc-6.2.8.jar:/Users/eimon/.m2/repository/org/springframework/spring-expression/6.2.8/spring-expression-6.2.8.jar:/Users/eimon/.m2/repository/org/springframework/boot/spring-boot-starter-data-jpa/3.5.3/spring-boot-starter-data-jpa-3.5.3.jar:/Users/eimon/.m2/repository/org/springframework/boot/spring-boot-starter-jdbc/3.5.3/spring-boot-starter-jdbc-3.5.3.jar:/Users/eimon/.m2/repository/com/zaxxer/HikariCP/6.3.0/HikariCP-6.3.0.jar:/Users/eimon/.m2/repository/org/springframework/spring-jdbc/6.2.8/spring-jdbc-6.2.8.jar:/Users/eimon/.m2/repository/org/hibernate/orm/hibernate-core/6.6.18.Final/hibernate-core-6.6.18.Final.jar:/Users/eimon/.m2/repository/jakarta/persistence/jakarta.persistence-api/3.1.0/jakarta.persistence-api-3.1.0.jar:/Users/eimon/.m2/repository/jakarta/transaction/jakarta.transaction-api/2.0.1/jakarta.transaction-api-2.0.1.jar:/Users/eimon/.m2/repository/org/hibernate/common/hibernate-commons-annotations/7.0.3.Final/hibernate-commons-annotations-7.0.3.Final.jar:/Users/eimon/.m2/repository/io/smallrye/jandex/3.2.0/jandex-3.2.0.jar:/Users/eimon/.m2/repository/com/fasterxml/classmate/1.7.0/classmate-1.7.0.jar:/Users/eimon/.m2/repository/net/bytebuddy/byte-buddy/1.17.6/byte-buddy-1.17.6.jar:/Users/eimon/.m2/repository/org/glassfish/jaxb/jaxb-runtime/4.0.5/jaxb-runtime-4.0.5.jar:/Users/eimon/.m2/repository/org/glassfish/jaxb/jaxb-core/4.0.5/jaxb-core-4.0.5.jar:/Users/eimon/.m2/repository/org/eclipse/angus/angus-activation/2.0.2/angus-activation-2.0.2.jar:/Users/eimon/.m2/repository/org/glassfish/jaxb/txw2/4.0.5/txw2-4.0.5.jar:/Users/eimon/.m2/repository/com/sun/istack/istack-commons-runtime/4.1.2/istack-commons-runtime-4.1.2.jar:/Users/eimon/.m2/repository/jakarta/inject/jakarta.inject-api/2.0.1/jakarta.inject-api-2.0.1.jar:/Users/eimon/.m2/repository/org/antlr/antlr4-runtime/4.13.0/antlr4-runtime-4.13.0.jar:/Users/eimon/.m2/repository/org/springframework/data/spring-data-jpa/3.5.1/spring-data-jpa-3.5.1.jar:/Users/eimon/.m2/repository/org/springframework/data/spring-data-commons/3.5.1/spring-data-commons-3.5.1.jar:/Users/eimon/.m2/repository/org/springframework/spring-orm/6.2.8/spring-orm-6.2.8.jar:/Users/eimon/.m2/repository/org/springframework/spring-tx/6.2.8/spring-tx-6.2.8.jar:/Users/eimon/.m2/repository/org/springframework/spring-aspects/6.2.8/spring-aspects-6.2.8.jar:/Users/eimon/.m2/repository/org/aspectj/aspectjweaver/1.9.24/aspectjweaver-1.9.24.jar:/Users/eimon/.m2/repository/org/springframework/boot/spring-boot-starter-security/3.5.3/spring-boot-starter-security-3.5.3.jar:/Users/eimon/.m2/repository/org/springframework/spring-aop/6.2.8/spring-aop-6.2.8.jar:/Users/eimon/.m2/repository/org/springframework/security/spring-security-config/6.5.1/spring-security-config-6.5.1.jar:/Users/eimon/.m2/repository/org/springframework/security/spring-security-web/6.5.1/spring-security-web-6.5.1.jar:/Users/eimon/.m2/repository/org/springframework/boot/spring-boot-starter-log4j2/3.5.3/spring-boot-starter-log4j2-3.5.3.jar:/Users/eimon/.m2/repository/org/apache/logging/log4j/log4j-slf4j2-impl/2.24.3/log4j-slf4j2-impl-2.24.3.jar:/Users/eimon/.m2/repository/org/apache/logging/log4j/log4j-api/2.24.3/log4j-api-2.24.3.jar:/Users/eimon/.m2/repository/org/apache/logging/log4j/log4j-core/2.24.3/log4j-core-2.24.3.jar:/Users/eimon/.m2/repository/org/apache/logging/log4j/log4j-jul/2.24.3/log4j-jul-2.24.3.jar:/Users/eimon/.m2/repository/org/springframework/boot/spring-boot-starter-test/3.5.3/spring-boot-starter-test-3.5.3.jar:/Users/eimon/.m2/repository/org/springframework/boot/spring-boot-test/3.5.3/spring-boot-test-3.5.3.jar:/Users/eimon/.m2/repository/org/springframework/boot/spring-boot-test-autoconfigure/3.5.3/spring-boot-test-autoconfigure-3.5.3.jar:/Users/eimon/.m2/repository/com/jayway/jsonpath/json-path/2.9.0/json-path-2.9.0.jar:/Users/eimon/.m2/repository/jakarta/xml/bind/jakarta.xml.bind-api/4.0.2/jakarta.xml.bind-api-4.0.2.jar:/Users/eimon/.m2/repository/jakarta/activation/jakarta.activation-api/2.1.3/jakarta.activation-api-2.1.3.jar:/Users/eimon/.m2/repository/net/minidev/json-smart/2.5.2/json-smart-2.5.2.jar:/Users/eimon/.m2/repository/net/minidev/accessors-smart/2.5.2/accessors-smart-2.5.2.jar:/Users/eimon/.m2/repository/org/ow2/asm/asm/9.7.1/asm-9.7.1.jar:/Users/eimon/.m2/repository/org/assertj/assertj-core/3.27.3/assertj-core-3.27.3.jar:/Users/eimon/.m2/repository/org/awaitility/awaitility/4.2.2/awaitility-4.2.2.jar:/Users/eimon/.m2/repository/org/hamcrest/hamcrest/3.0/hamcrest-3.0.jar:/Users/eimon/.m2/repository/org/junit/jupiter/junit-jupiter/5.12.2/junit-jupiter-5.12.2.jar:/Users/eimon/.m2/repository/org/junit/jupiter/junit-jupiter-api/5.12.2/junit-jupiter-api-5.12.2.jar:/Users/eimon/.m2/repository/org/opentest4j/opentest4j/1.3.0/opentest4j-1.3.0.jar:/Users/eimon/.m2/repository/org/junit/platform/junit-platform-commons/1.12.2/junit-platform-commons-1.12.2.jar:/Users/eimon/.m2/repository/org/apiguardian/apiguardian-api/1.1.2/apiguardian-api-1.1.2.jar:/Users/eimon/.m2/repository/org/junit/jupiter/junit-jupiter-params/5.12.2/junit-jupiter-params-5.12.2.jar:/Users/eimon/.m2/repository/org/junit/jupiter/junit-jupiter-engine/5.12.2/junit-jupiter-engine-5.12.2.jar:/Users/eimon/.m2/repository/org/junit/platform/junit-platform-engine/1.12.2/junit-platform-engine-1.12.2.jar:/Users/eimon/.m2/repository/org/mockito/mockito-core/5.17.0/mockito-core-5.17.0.jar:/Users/eimon/.m2/repository/net/bytebuddy/byte-buddy-agent/1.17.6/byte-buddy-agent-1.17.6.jar:/Users/eimon/.m2/repository/org/objenesis/objenesis/3.3/objenesis-3.3.jar:/Users/eimon/.m2/repository/org/mockito/mockito-junit-jupiter/5.17.0/mockito-junit-jupiter-5.17.0.jar:/Users/eimon/.m2/repository/org/skyscreamer/jsonassert/1.5.3/jsonassert-1.5.3.jar:/Users/eimon/.m2/repository/com/vaadin/external/google/android-json/0.0.20131108.vaadin1/android-json-0.0.20131108.vaadin1.jar:/Users/eimon/.m2/repository/org/springframework/spring-test/6.2.8/spring-test-6.2.8.jar:/Users/eimon/.m2/repository/org/xmlunit/xmlunit-core/2.10.2/xmlunit-core-2.10.2.jar:/Users/eimon/.m2/repository/org/joinfaces/jsf-spring-boot-starter/5.0.1/jsf-spring-boot-starter-5.0.1.jar:/Users/eimon/.m2/repository/org/joinfaces/joinfaces-autoconfigure/5.0.1/joinfaces-autoconfigure-5.0.1.jar:/Users/eimon/.m2/repository/org/joinfaces/joinfaces/5.0.1/joinfaces-5.0.1.jar:/Users/eimon/.m2/repository/io/github/classgraph/classgraph/4.8.154/classgraph-4.8.154.jar:/Users/eimon/.m2/repository/org/joinfaces/mojarra3-spring-boot-starter/5.0.1/mojarra3-spring-boot-starter-5.0.1.jar:/Users/eimon/.m2/repository/org/glassfish/jakarta.faces/3.0.3/jakarta.faces-3.0.3.jar:/Users/eimon/.m2/repository/com/auth0/auth0-spring-security-api/1.4.0/auth0-spring-security-api-1.4.0.jar:/Users/eimon/.m2/repository/com/auth0/java-jwt/3.10.2/java-jwt-3.10.2.jar:/Users/eimon/.m2/repository/com/auth0/jwks-rsa/0.11.0/jwks-rsa-0.11.0.jar:/Users/eimon/.m2/repository/commons-io/commons-io/2.6/commons-io-2.6.jar:/Users/eimon/.m2/repository/com/google/guava/guava/27.1-jre/guava-27.1-jre.jar:/Users/eimon/.m2/repository/com/google/guava/failureaccess/1.0.1/failureaccess-1.0.1.jar:/Users/eimon/.m2/repository/com/google/guava/listenablefuture/9999.0-empty-to-avoid-conflict-with-guava/listenablefuture-9999.0-empty-to-avoid-conflict-with-guava.jar:/Users/eimon/.m2/repository/com/google/code/findbugs/jsr305/3.0.2/jsr305-3.0.2.jar:/Users/eimon/.m2/repository/org/checkerframework/checker-qual/2.5.2/checker-qual-2.5.2.jar:/Users/eimon/.m2/repository/com/google/errorprone/error_prone_annotations/2.2.0/error_prone_annotations-2.2.0.jar:/Users/eimon/.m2/repository/com/google/j2objc/j2objc-annotations/1.1/j2objc-annotations-1.1.jar:/Users/eimon/.m2/repository/org/codehaus/mojo/animal-sniffer-annotations/1.17/animal-sniffer-annotations-1.17.jar:/Users/eimon/.m2/repository/org/springframework/security/spring-security-core/6.5.1/spring-security-core-6.5.1.jar:/Users/eimon/.m2/repository/org/springframework/security/spring-security-crypto/6.5.1/spring-security-crypto-6.5.1.jar:/Users/eimon/.m2/repository/commons-codec/commons-codec/1.18.0/commons-codec-1.18.0.jar:/Users/eimon/.m2/repository/org/slf4j/slf4j-api/2.0.17/slf4j-api-2.0.17.jar:/Users/eimon/.m2/repository/org/jboss/weld/se/weld-se-core/5.1.0.Final/weld-se-core-5.1.0.Final.jar:/Users/eimon/.m2/repository/org/jboss/weld/environment/weld-environment-common/5.1.0.Final/weld-environment-common-5.1.0.Final.jar:/Users/eimon/.m2/repository/org/jboss/weld/weld-core-impl/5.1.0.Final/weld-core-impl-5.1.0.Final.jar:/Users/eimon/.m2/repository/org/jboss/weld/weld-lite-extension-translator/5.1.0.Final/weld-lite-extension-translator-5.1.0.Final.jar:/Users/eimon/.m2/repository/jakarta/interceptor/jakarta.interceptor-api/2.1.0/jakarta.interceptor-api-2.1.0.jar:/Users/eimon/.m2/repository/org/jboss/logging/jboss-logging-processor/2.2.1.Final/jboss-logging-processor-2.2.1.Final.jar:/Users/eimon/.m2/repository/org/jboss/logging/jboss-logging-annotations/2.2.1.Final/jboss-logging-annotations-2.2.1.Final.jar:/Users/eimon/.m2/repository/org/jboss/jdeparser/jdeparser/2.0.3.Final/jdeparser-2.0.3.Final.jar:/Users/eimon/.m2/repository/jakarta/enterprise/jakarta.enterprise.cdi-api/4.0.1/jakarta.enterprise.cdi-api-4.0.1.jar:/Users/eimon/.m2/repository/jakarta/enterprise/jakarta.enterprise.lang-model/4.0.1/jakarta.enterprise.lang-model-4.0.1.jar:/Users/eimon/.m2/repository/org/jboss/classfilewriter/jboss-classfilewriter/1.2.5.Final/jboss-classfilewriter-1.2.5.Final.jar:/Users/eimon/.m2/repository/org/jboss/weld/servlet/weld-servlet-core/5.1.0.Final/weld-servlet-core-5.1.0.Final.jar:/Users/eimon/.m2/repository/org/jboss/weld/weld-spi/5.0.SP3/weld-spi-5.0.SP3.jar:/Users/eimon/.m2/repository/org/jboss/weld/weld-api/5.0.SP3/weld-api-5.0.SP3.jar:/Users/eimon/.m2/repository/org/jboss/weld/module/weld-jsf/5.1.0.Final/weld-jsf-5.1.0.Final.jar:/Users/eimon/.m2/repository/org/jboss/weld/module/weld-web/5.1.0.Final/weld-web-5.1.0.Final.jar:/Users/eimon/.m2/repository/jakarta/el/jakarta.el-api/5.0.1/jakarta.el-api-5.0.1.jar:/Users/eimon/.m2/repository/org/jboss/logging/jboss-logging/3.6.1.Final/jboss-logging-3.6.1.Final.jar:/Users/eimon/.m2/repository/org/springframework/boot/spring-boot-starter-oauth2-client/3.5.3/spring-boot-starter-oauth2-client-3.5.3.jar:/Users/eimon/.m2/repository/org/springframework/security/spring-security-oauth2-client/6.5.1/spring-security-oauth2-client-6.5.1.jar:/Users/eimon/.m2/repository/org/springframework/security/spring-security-oauth2-core/6.5.1/spring-security-oauth2-core-6.5.1.jar:/Users/eimon/.m2/repository/com/nimbusds/oauth2-oidc-sdk/9.43.6/oauth2-oidc-sdk-9.43.6.jar:/Users/eimon/.m2/repository/com/github/stephenc/jcip/jcip-annotations/1.0-1/jcip-annotations-1.0-1.jar:/Users/eimon/.m2/repository/com/nimbusds/content-type/2.2/content-type-2.2.jar:/Users/eimon/.m2/repository/com/nimbusds/lang-tag/1.7/lang-tag-1.7.jar:/Users/eimon/.m2/repository/org/springframework/security/spring-security-oauth2-jose/6.5.1/spring-security-oauth2-jose-6.5.1.jar:/Users/eimon/.m2/repository/com/nimbusds/nimbus-jose-jwt/9.37.3/nimbus-jose-jwt-9.37.3.jar:/Users/eimon/.m2/repository/com/h2database/h2/2.3.232/h2-2.3.232.jar:"/>
    <property name="java.vm.vendor" value="Homebrew"/>
    <property name="sun.arch.data.model" value="64"/>
    <property name="java.vendor.url" value="https://github.com/Homebrew/homebrew-core/issues"/>
    <property name="user.timezone" value="Asia/Singapore"/>
    <property name="org.jboss.logging.provider" value="slf4j"/>
    <property name="os.name" value="Mac OS X"/>
    <property name="java.vm.specification.version" value="24"/>
    <property name="APPLICATION_NAME" value="medical-register"/>
    <property name="sun.java.launcher" value="SUN_STANDARD"/>
    <property name="user.country" value="SG"/>
    <property name="sun.boot.library.path" value="/opt/homebrew/Cellar/openjdk/24.0.1/libexec/openjdk.jdk/Contents/Home/lib"/>
    <property name="sun.java.command" value="/Users/eimon/Documents/EM_Data/Projects/coding-assessment-medical-registry/medicalregister/target/surefire/surefirebooter-20250716012917586_3.jar /Users/eimon/Documents/EM_Data/Projects/coding-assessment-medical-registry/medicalregister/target/surefire 2025-07-16T01-29-17_552-jvmRun1 surefire-20250716012917586_1tmp surefire_0-20250716012917586_2tmp"/>
    <property name="http.nonProxyHosts" value="local|*.local|169.254/16|*.169.254/16"/>
    <property name="jdk.debug" value="release"/>
    <property name="surefire.test.class.path" value="/Users/eimon/Documents/EM_Data/Projects/coding-assessment-medical-registry/medicalregister/target/test-classes:/Users/eimon/Documents/EM_Data/Projects/coding-assessment-medical-registry/medicalregister/target/classes:/Users/eimon/.m2/repository/org/springframework/boot/spring-boot-starter/3.5.3/spring-boot-starter-3.5.3.jar:/Users/eimon/.m2/repository/org/springframework/boot/spring-boot/3.5.3/spring-boot-3.5.3.jar:/Users/eimon/.m2/repository/org/springframework/spring-context/6.2.8/spring-context-6.2.8.jar:/Users/eimon/.m2/repository/org/springframework/boot/spring-boot-autoconfigure/3.5.3/spring-boot-autoconfigure-3.5.3.jar:/Users/eimon/.m2/repository/org/springframework/boot/spring-boot-starter-logging/3.5.3/spring-boot-starter-logging-3.5.3.jar:/Users/eimon/.m2/repository/ch/qos/logback/logback-classic/1.5.18/logback-classic-1.5.18.jar:/Users/eimon/.m2/repository/ch/qos/logback/logback-core/1.5.18/logback-core-1.5.18.jar:/Users/eimon/.m2/repository/org/apache/logging/log4j/log4j-to-slf4j/2.24.3/log4j-to-slf4j-2.24.3.jar:/Users/eimon/.m2/repository/org/slf4j/jul-to-slf4j/2.0.17/jul-to-slf4j-2.0.17.jar:/Users/eimon/.m2/repository/jakarta/annotation/jakarta.annotation-api/2.1.1/jakarta.annotation-api-2.1.1.jar:/Users/eimon/.m2/repository/org/springframework/spring-core/6.2.8/spring-core-6.2.8.jar:/Users/eimon/.m2/repository/org/springframework/spring-jcl/6.2.8/spring-jcl-6.2.8.jar:/Users/eimon/.m2/repository/org/yaml/snakeyaml/2.4/snakeyaml-2.4.jar:/Users/eimon/.m2/repository/org/springframework/boot/spring-boot-starter-web/3.5.3/spring-boot-starter-web-3.5.3.jar:/Users/eimon/.m2/repository/org/springframework/boot/spring-boot-starter-json/3.5.3/spring-boot-starter-json-3.5.3.jar:/Users/eimon/.m2/repository/com/fasterxml/jackson/core/jackson-databind/2.19.1/jackson-databind-2.19.1.jar:/Users/eimon/.m2/repository/com/fasterxml/jackson/core/jackson-annotations/2.19.1/jackson-annotations-2.19.1.jar:/Users/eimon/.m2/repository/com/fasterxml/jackson/core/jackson-core/2.19.1/jackson-core-2.19.1.jar:/Users/eimon/.m2/repository/com/fasterxml/jackson/datatype/jackson-datatype-jdk8/2.19.1/jackson-datatype-jdk8-2.19.1.jar:/Users/eimon/.m2/repository/com/fasterxml/jackson/datatype/jackson-datatype-jsr310/2.19.1/jackson-datatype-jsr310-2.19.1.jar:/Users/eimon/.m2/repository/com/fasterxml/jackson/module/jackson-module-parameter-names/2.19.1/jackson-module-parameter-names-2.19.1.jar:/Users/eimon/.m2/repository/org/springframework/boot/spring-boot-starter-tomcat/3.5.3/spring-boot-starter-tomcat-3.5.3.jar:/Users/eimon/.m2/repository/org/apache/tomcat/embed/tomcat-embed-core/10.1.42/tomcat-embed-core-10.1.42.jar:/Users/eimon/.m2/repository/org/apache/tomcat/embed/tomcat-embed-el/10.1.42/tomcat-embed-el-10.1.42.jar:/Users/eimon/.m2/repository/org/apache/tomcat/embed/tomcat-embed-websocket/10.1.42/tomcat-embed-websocket-10.1.42.jar:/Users/eimon/.m2/repository/org/springframework/spring-web/6.2.8/spring-web-6.2.8.jar:/Users/eimon/.m2/repository/org/springframework/spring-beans/6.2.8/spring-beans-6.2.8.jar:/Users/eimon/.m2/repository/io/micrometer/micrometer-observation/1.15.1/micrometer-observation-1.15.1.jar:/Users/eimon/.m2/repository/io/micrometer/micrometer-commons/1.15.1/micrometer-commons-1.15.1.jar:/Users/eimon/.m2/repository/org/springframework/spring-webmvc/6.2.8/spring-webmvc-6.2.8.jar:/Users/eimon/.m2/repository/org/springframework/spring-expression/6.2.8/spring-expression-6.2.8.jar:/Users/eimon/.m2/repository/org/springframework/boot/spring-boot-starter-data-jpa/3.5.3/spring-boot-starter-data-jpa-3.5.3.jar:/Users/eimon/.m2/repository/org/springframework/boot/spring-boot-starter-jdbc/3.5.3/spring-boot-starter-jdbc-3.5.3.jar:/Users/eimon/.m2/repository/com/zaxxer/HikariCP/6.3.0/HikariCP-6.3.0.jar:/Users/eimon/.m2/repository/org/springframework/spring-jdbc/6.2.8/spring-jdbc-6.2.8.jar:/Users/eimon/.m2/repository/org/hibernate/orm/hibernate-core/6.6.18.Final/hibernate-core-6.6.18.Final.jar:/Users/eimon/.m2/repository/jakarta/persistence/jakarta.persistence-api/3.1.0/jakarta.persistence-api-3.1.0.jar:/Users/eimon/.m2/repository/jakarta/transaction/jakarta.transaction-api/2.0.1/jakarta.transaction-api-2.0.1.jar:/Users/eimon/.m2/repository/org/hibernate/common/hibernate-commons-annotations/7.0.3.Final/hibernate-commons-annotations-7.0.3.Final.jar:/Users/eimon/.m2/repository/io/smallrye/jandex/3.2.0/jandex-3.2.0.jar:/Users/eimon/.m2/repository/com/fasterxml/classmate/1.7.0/classmate-1.7.0.jar:/Users/eimon/.m2/repository/net/bytebuddy/byte-buddy/1.17.6/byte-buddy-1.17.6.jar:/Users/eimon/.m2/repository/org/glassfish/jaxb/jaxb-runtime/4.0.5/jaxb-runtime-4.0.5.jar:/Users/eimon/.m2/repository/org/glassfish/jaxb/jaxb-core/4.0.5/jaxb-core-4.0.5.jar:/Users/eimon/.m2/repository/org/eclipse/angus/angus-activation/2.0.2/angus-activation-2.0.2.jar:/Users/eimon/.m2/repository/org/glassfish/jaxb/txw2/4.0.5/txw2-4.0.5.jar:/Users/eimon/.m2/repository/com/sun/istack/istack-commons-runtime/4.1.2/istack-commons-runtime-4.1.2.jar:/Users/eimon/.m2/repository/jakarta/inject/jakarta.inject-api/2.0.1/jakarta.inject-api-2.0.1.jar:/Users/eimon/.m2/repository/org/antlr/antlr4-runtime/4.13.0/antlr4-runtime-4.13.0.jar:/Users/eimon/.m2/repository/org/springframework/data/spring-data-jpa/3.5.1/spring-data-jpa-3.5.1.jar:/Users/eimon/.m2/repository/org/springframework/data/spring-data-commons/3.5.1/spring-data-commons-3.5.1.jar:/Users/eimon/.m2/repository/org/springframework/spring-orm/6.2.8/spring-orm-6.2.8.jar:/Users/eimon/.m2/repository/org/springframework/spring-tx/6.2.8/spring-tx-6.2.8.jar:/Users/eimon/.m2/repository/org/springframework/spring-aspects/6.2.8/spring-aspects-6.2.8.jar:/Users/eimon/.m2/repository/org/aspectj/aspectjweaver/1.9.24/aspectjweaver-1.9.24.jar:/Users/eimon/.m2/repository/org/springframework/boot/spring-boot-starter-security/3.5.3/spring-boot-starter-security-3.5.3.jar:/Users/eimon/.m2/repository/org/springframework/spring-aop/6.2.8/spring-aop-6.2.8.jar:/Users/eimon/.m2/repository/org/springframework/security/spring-security-config/6.5.1/spring-security-config-6.5.1.jar:/Users/eimon/.m2/repository/org/springframework/security/spring-security-web/6.5.1/spring-security-web-6.5.1.jar:/Users/eimon/.m2/repository/org/springframework/boot/spring-boot-starter-log4j2/3.5.3/spring-boot-starter-log4j2-3.5.3.jar:/Users/eimon/.m2/repository/org/apache/logging/log4j/log4j-slf4j2-impl/2.24.3/log4j-slf4j2-impl-2.24.3.jar:/Users/eimon/.m2/repository/org/apache/logging/log4j/log4j-api/2.24.3/log4j-api-2.24.3.jar:/Users/eimon/.m2/repository/org/apache/logging/log4j/log4j-core/2.24.3/log4j-core-2.24.3.jar:/Users/eimon/.m2/repository/org/apache/logging/log4j/log4j-jul/2.24.3/log4j-jul-2.24.3.jar:/Users/eimon/.m2/repository/org/springframework/boot/spring-boot-starter-test/3.5.3/spring-boot-starter-test-3.5.3.jar:/Users/eimon/.m2/repository/org/springframework/boot/spring-boot-test/3.5.3/spring-boot-test-3.5.3.jar:/Users/eimon/.m2/repository/org/springframework/boot/spring-boot-test-autoconfigure/3.5.3/spring-boot-test-autoconfigure-3.5.3.jar:/Users/eimon/.m2/repository/com/jayway/jsonpath/json-path/2.9.0/json-path-2.9.0.jar:/Users/eimon/.m2/repository/jakarta/xml/bind/jakarta.xml.bind-api/4.0.2/jakarta.xml.bind-api-4.0.2.jar:/Users/eimon/.m2/repository/jakarta/activation/jakarta.activation-api/2.1.3/jakarta.activation-api-2.1.3.jar:/Users/eimon/.m2/repository/net/minidev/json-smart/2.5.2/json-smart-2.5.2.jar:/Users/eimon/.m2/repository/net/minidev/accessors-smart/2.5.2/accessors-smart-2.5.2.jar:/Users/eimon/.m2/repository/org/ow2/asm/asm/9.7.1/asm-9.7.1.jar:/Users/eimon/.m2/repository/org/assertj/assertj-core/3.27.3/assertj-core-3.27.3.jar:/Users/eimon/.m2/repository/org/awaitility/awaitility/4.2.2/awaitility-4.2.2.jar:/Users/eimon/.m2/repository/org/hamcrest/hamcrest/3.0/hamcrest-3.0.jar:/Users/eimon/.m2/repository/org/junit/jupiter/junit-jupiter/5.12.2/junit-jupiter-5.12.2.jar:/Users/eimon/.m2/repository/org/junit/jupiter/junit-jupiter-api/5.12.2/junit-jupiter-api-5.12.2.jar:/Users/eimon/.m2/repository/org/opentest4j/opentest4j/1.3.0/opentest4j-1.3.0.jar:/Users/eimon/.m2/repository/org/junit/platform/junit-platform-commons/1.12.2/junit-platform-commons-1.12.2.jar:/Users/eimon/.m2/repository/org/apiguardian/apiguardian-api/1.1.2/apiguardian-api-1.1.2.jar:/Users/eimon/.m2/repository/org/junit/jupiter/junit-jupiter-params/5.12.2/junit-jupiter-params-5.12.2.jar:/Users/eimon/.m2/repository/org/junit/jupiter/junit-jupiter-engine/5.12.2/junit-jupiter-engine-5.12.2.jar:/Users/eimon/.m2/repository/org/junit/platform/junit-platform-engine/1.12.2/junit-platform-engine-1.12.2.jar:/Users/eimon/.m2/repository/org/mockito/mockito-core/5.17.0/mockito-core-5.17.0.jar:/Users/eimon/.m2/repository/net/bytebuddy/byte-buddy-agent/1.17.6/byte-buddy-agent-1.17.6.jar:/Users/eimon/.m2/repository/org/objenesis/objenesis/3.3/objenesis-3.3.jar:/Users/eimon/.m2/repository/org/mockito/mockito-junit-jupiter/5.17.0/mockito-junit-jupiter-5.17.0.jar:/Users/eimon/.m2/repository/org/skyscreamer/jsonassert/1.5.3/jsonassert-1.5.3.jar:/Users/eimon/.m2/repository/com/vaadin/external/google/android-json/0.0.20131108.vaadin1/android-json-0.0.20131108.vaadin1.jar:/Users/eimon/.m2/repository/org/springframework/spring-test/6.2.8/spring-test-6.2.8.jar:/Users/eimon/.m2/repository/org/xmlunit/xmlunit-core/2.10.2/xmlunit-core-2.10.2.jar:/Users/eimon/.m2/repository/org/joinfaces/jsf-spring-boot-starter/5.0.1/jsf-spring-boot-starter-5.0.1.jar:/Users/eimon/.m2/repository/org/joinfaces/joinfaces-autoconfigure/5.0.1/joinfaces-autoconfigure-5.0.1.jar:/Users/eimon/.m2/repository/org/joinfaces/joinfaces/5.0.1/joinfaces-5.0.1.jar:/Users/eimon/.m2/repository/io/github/classgraph/classgraph/4.8.154/classgraph-4.8.154.jar:/Users/eimon/.m2/repository/org/joinfaces/mojarra3-spring-boot-starter/5.0.1/mojarra3-spring-boot-starter-5.0.1.jar:/Users/eimon/.m2/repository/org/glassfish/jakarta.faces/3.0.3/jakarta.faces-3.0.3.jar:/Users/eimon/.m2/repository/com/auth0/auth0-spring-security-api/1.4.0/auth0-spring-security-api-1.4.0.jar:/Users/eimon/.m2/repository/com/auth0/java-jwt/3.10.2/java-jwt-3.10.2.jar:/Users/eimon/.m2/repository/com/auth0/jwks-rsa/0.11.0/jwks-rsa-0.11.0.jar:/Users/eimon/.m2/repository/commons-io/commons-io/2.6/commons-io-2.6.jar:/Users/eimon/.m2/repository/com/google/guava/guava/27.1-jre/guava-27.1-jre.jar:/Users/eimon/.m2/repository/com/google/guava/failureaccess/1.0.1/failureaccess-1.0.1.jar:/Users/eimon/.m2/repository/com/google/guava/listenablefuture/9999.0-empty-to-avoid-conflict-with-guava/listenablefuture-9999.0-empty-to-avoid-conflict-with-guava.jar:/Users/eimon/.m2/repository/com/google/code/findbugs/jsr305/3.0.2/jsr305-3.0.2.jar:/Users/eimon/.m2/repository/org/checkerframework/checker-qual/2.5.2/checker-qual-2.5.2.jar:/Users/eimon/.m2/repository/com/google/errorprone/error_prone_annotations/2.2.0/error_prone_annotations-2.2.0.jar:/Users/eimon/.m2/repository/com/google/j2objc/j2objc-annotations/1.1/j2objc-annotations-1.1.jar:/Users/eimon/.m2/repository/org/codehaus/mojo/animal-sniffer-annotations/1.17/animal-sniffer-annotations-1.17.jar:/Users/eimon/.m2/repository/org/springframework/security/spring-security-core/6.5.1/spring-security-core-6.5.1.jar:/Users/eimon/.m2/repository/org/springframework/security/spring-security-crypto/6.5.1/spring-security-crypto-6.5.1.jar:/Users/eimon/.m2/repository/commons-codec/commons-codec/1.18.0/commons-codec-1.18.0.jar:/Users/eimon/.m2/repository/org/slf4j/slf4j-api/2.0.17/slf4j-api-2.0.17.jar:/Users/eimon/.m2/repository/org/jboss/weld/se/weld-se-core/5.1.0.Final/weld-se-core-5.1.0.Final.jar:/Users/eimon/.m2/repository/org/jboss/weld/environment/weld-environment-common/5.1.0.Final/weld-environment-common-5.1.0.Final.jar:/Users/eimon/.m2/repository/org/jboss/weld/weld-core-impl/5.1.0.Final/weld-core-impl-5.1.0.Final.jar:/Users/eimon/.m2/repository/org/jboss/weld/weld-lite-extension-translator/5.1.0.Final/weld-lite-extension-translator-5.1.0.Final.jar:/Users/eimon/.m2/repository/jakarta/interceptor/jakarta.interceptor-api/2.1.0/jakarta.interceptor-api-2.1.0.jar:/Users/eimon/.m2/repository/org/jboss/logging/jboss-logging-processor/2.2.1.Final/jboss-logging-processor-2.2.1.Final.jar:/Users/eimon/.m2/repository/org/jboss/logging/jboss-logging-annotations/2.2.1.Final/jboss-logging-annotations-2.2.1.Final.jar:/Users/eimon/.m2/repository/org/jboss/jdeparser/jdeparser/2.0.3.Final/jdeparser-2.0.3.Final.jar:/Users/eimon/.m2/repository/jakarta/enterprise/jakarta.enterprise.cdi-api/4.0.1/jakarta.enterprise.cdi-api-4.0.1.jar:/Users/eimon/.m2/repository/jakarta/enterprise/jakarta.enterprise.lang-model/4.0.1/jakarta.enterprise.lang-model-4.0.1.jar:/Users/eimon/.m2/repository/org/jboss/classfilewriter/jboss-classfilewriter/1.2.5.Final/jboss-classfilewriter-1.2.5.Final.jar:/Users/eimon/.m2/repository/org/jboss/weld/servlet/weld-servlet-core/5.1.0.Final/weld-servlet-core-5.1.0.Final.jar:/Users/eimon/.m2/repository/org/jboss/weld/weld-spi/5.0.SP3/weld-spi-5.0.SP3.jar:/Users/eimon/.m2/repository/org/jboss/weld/weld-api/5.0.SP3/weld-api-5.0.SP3.jar:/Users/eimon/.m2/repository/org/jboss/weld/module/weld-jsf/5.1.0.Final/weld-jsf-5.1.0.Final.jar:/Users/eimon/.m2/repository/org/jboss/weld/module/weld-web/5.1.0.Final/weld-web-5.1.0.Final.jar:/Users/eimon/.m2/repository/jakarta/el/jakarta.el-api/5.0.1/jakarta.el-api-5.0.1.jar:/Users/eimon/.m2/repository/org/jboss/logging/jboss-logging/3.6.1.Final/jboss-logging-3.6.1.Final.jar:/Users/eimon/.m2/repository/org/springframework/boot/spring-boot-starter-oauth2-client/3.5.3/spring-boot-starter-oauth2-client-3.5.3.jar:/Users/eimon/.m2/repository/org/springframework/security/spring-security-oauth2-client/6.5.1/spring-security-oauth2-client-6.5.1.jar:/Users/eimon/.m2/repository/org/springframework/security/spring-security-oauth2-core/6.5.1/spring-security-oauth2-core-6.5.1.jar:/Users/eimon/.m2/repository/com/nimbusds/oauth2-oidc-sdk/9.43.6/oauth2-oidc-sdk-9.43.6.jar:/Users/eimon/.m2/repository/com/github/stephenc/jcip/jcip-annotations/1.0-1/jcip-annotations-1.0-1.jar:/Users/eimon/.m2/repository/com/nimbusds/content-type/2.2/content-type-2.2.jar:/Users/eimon/.m2/repository/com/nimbusds/lang-tag/1.7/lang-tag-1.7.jar:/Users/eimon/.m2/repository/org/springframework/security/spring-security-oauth2-jose/6.5.1/spring-security-oauth2-jose-6.5.1.jar:/Users/eimon/.m2/repository/com/nimbusds/nimbus-jose-jwt/9.37.3/nimbus-jose-jwt-9.37.3.jar:/Users/eimon/.m2/repository/com/h2database/h2/2.3.232/h2-2.3.232.jar:"/>
    <property name="sun.cpu.endian" value="little"/>
    <property name="user.home" value="/Users/eimon"/>
    <property name="user.language" value="en"/>
    <property name="java.specification.vendor" value="Oracle Corporation"/>
    <property name="java.version.date" value="2025-04-15"/>
    <property name="java.home" value="/opt/homebrew/Cellar/openjdk/24.0.1/libexec/openjdk.jdk/Contents/Home"/>
    <property name="file.separator" value="/"/>
    <property name="basedir" value="/Users/eimon/Documents/EM_Data/Projects/coding-assessment-medical-registry/medicalregister"/>
    <property name="java.vm.compressedOopsMode" value="Zero based"/>
    <property name="line.separator" value="&#10;"/>
    <property name="java.vm.specification.vendor" value="Oracle Corporation"/>
    <property name="java.specification.name" value="Java Platform API Specification"/>
    <property name="FILE_LOG_CHARSET" value="UTF-8"/>
    <property name="java.awt.headless" value="true"/>
    <property name="apple.awt.application.name" value="ForkedBooter"/>
    <property name="surefire.real.class.path" value="/Users/eimon/Documents/EM_Data/Projects/coding-assessment-medical-registry/medicalregister/target/surefire/surefirebooter-20250716012917586_3.jar"/>
    <property name="sun.management.compiler" value="HotSpot 64-Bit Tiered Compilers"/>
    <property name="ftp.nonProxyHosts" value="local|*.local|169.254/16|*.169.254/16"/>
    <property name="java.runtime.version" value="24.0.1"/>
    <property name="user.name" value="eimon"/>
    <property name="stdout.encoding" value="UTF-8"/>
    <property name="path.separator" value=":"/>
    <property name="os.version" value="15.5"/>
    <property name="java.runtime.name" value="OpenJDK Runtime Environment"/>
    <property name="file.encoding" value="UTF-8"/>
    <property name="java.vm.name" value="OpenJDK 64-Bit Server VM"/>
    <property name="java.vendor.version" value="Homebrew"/>
    <property name="localRepository" value="/Users/eimon/.m2/repository"/>
    <property name="java.vendor.url.bug" value="https://github.com/Homebrew/homebrew-core/issues"/>
    <property name="java.io.tmpdir" value="/var/folders/nc/t0044pq533l5525sj0ms9rc40000gn/T/"/>
    <property name="com.zaxxer.hikari.pool_number" value="1"/>
    <property name="java.version" value="24.0.1"/>
    <property name="user.dir" value="/Users/eimon/Documents/EM_Data/Projects/coding-assessment-medical-registry/medicalregister"/>
    <property name="os.arch" value="aarch64"/>
    <property name="java.vm.specification.name" value="Java Virtual Machine Specification"/>
    <property name="PID" value="7747"/>
    <property name="CONSOLE_LOG_CHARSET" value="UTF-8"/>
    <property name="native.encoding" value="UTF-8"/>
    <property name="java.library.path" value="/Users/eimon/Library/Java/Extensions:/Library/Java/Extensions:/Network/Library/Java/Extensions:/System/Library/Java/Extensions:/usr/lib/java:."/>
    <property name="java.vm.info" value="mixed mode, sharing"/>
    <property name="stderr.encoding" value="UTF-8"/>
    <property name="java.vendor" value="Homebrew"/>
    <property name="java.vm.version" value="24.0.1"/>
    <property name="sun.io.unicode.encoding" value="UnicodeBig"/>
    <property name="socksNonProxyHosts" value="local|*.local|169.254/16|*.169.254/16"/>
    <property name="java.class.version" value="68.0"/>
    <property name="LOGGED_APPLICATION_NAME" value="[medical-register] "/>
  </properties>
  <testcase name="contextLoads" classname="com.example.medicalregister.MedicalRegisterApplicationTests" time="0.004">
    <system-out><![CDATA[01:29:18.275 [main] INFO org.springframework.test.context.support.AnnotationConfigContextLoaderUtils -- Could not detect default configuration classes for test class [com.example.medicalregister.MedicalRegisterApplicationTests]: MedicalRegisterApplicationTests does not declare any static, non-private, non-final, nested classes annotated with @Configuration.
01:29:18.305 [main] INFO org.springframework.boot.test.context.SpringBootTestContextBootstrapper -- Found @SpringBootConfiguration com.example.medicalregister.MedicalRegisterApplication for test class com.example.medicalregister.MedicalRegisterApplicationTests

  .   ____          _            __ _ _
 /\\ / ___'_ __ _ _(_)_ __  __ _ \ \ \ \
( ( )\___ | '_ | '_| | '_ \/ _` | \ \ \ \
 \\/  ___)| |_)| | | | | || (_| |  ) ) ) )
  '  |____| .__|_| |_|_| |_\__, | / / / /
 =========|_|==============|___/=/_/_/_/

 :: Spring Boot ::                (v3.5.3)

2025-07-16T01:29:18.429+08:00  INFO 7747 --- [medical-register] [           main] c.e.m.MedicalRegisterApplicationTests    : Starting MedicalRegisterApplicationTests using Java 24.0.1 with PID 7747 (started by eimon in /Users/eimon/Documents/EM_Data/Projects/coding-assessment-medical-registry/medicalregister)
2025-07-16T01:29:18.429+08:00  INFO 7747 --- [medical-register] [           main] c.e.m.MedicalRegisterApplicationTests    : No active profile set, falling back to 1 default profile: "default"
2025-07-16T01:29:18.438+08:00 DEBUG 7747 --- [medical-register] [           main] o.s.w.c.s.GenericWebApplicationContext   : Refreshing org.springframework.web.context.support.GenericWebApplicationContext@4d1ff6b1
2025-07-16T01:29:18.654+08:00  INFO 7747 --- [medical-register] [           main] .s.d.r.c.RepositoryConfigurationDelegate : Bootstrapping Spring Data JPA repositories in DEFAULT mode.
2025-07-16T01:29:18.676+08:00  INFO 7747 --- [medical-register] [           main] .s.d.r.c.RepositoryConfigurationDelegate : Finished Spring Data repository scanning in 19 ms. Found 1 JPA repository interface.
2025-07-16T01:29:18.766+08:00 DEBUG 7747 --- [medical-register] [           main] o.j.a.s.CustomScopeAnnotationConfigurer  : com.example.medicalregister.bean.MedicalRegisterBean - Scope(SESSION)
2025-07-16T01:29:18.839+08:00  INFO 7747 --- [medical-register] [           main] o.hibernate.jpa.internal.util.LogHelper  : HHH000204: Processing PersistenceUnitInfo [name: default]
2025-07-16T01:29:18.857+08:00  INFO 7747 --- [medical-register] [           main] org.hibernate.Version                    : HHH000412: Hibernate ORM core version 6.6.18.Final
2025-07-16T01:29:18.866+08:00  INFO 7747 --- [medical-register] [           main] o.h.c.internal.RegionFactoryInitiator    : HHH000026: Second-level cache disabled
2025-07-16T01:29:18.907+08:00  INFO 7747 --- [medical-register] [           main] o.s.o.j.p.SpringPersistenceUnitInfo      : No LoadTimeWeaver setup: ignoring JPA class transformer
2025-07-16T01:29:18.916+08:00  INFO 7747 --- [medical-register] [           main] com.zaxxer.hikari.HikariDataSource       : HikariPool-1 - Starting...
2025-07-16T01:29:18.971+08:00  INFO 7747 --- [medical-register] [           main] com.zaxxer.hikari.pool.HikariPool        : HikariPool-1 - Added connection conn0: url=jdbc:h2:mem:medregdb user=SA
2025-07-16T01:29:18.971+08:00  INFO 7747 --- [medical-register] [           main] com.zaxxer.hikari.HikariDataSource       : HikariPool-1 - Start completed.
2025-07-16T01:29:18.978+08:00  WARN 7747 --- [medical-register] [           main] org.hibernate.orm.deprecation            : HHH90000025: H2Dialect does not need to be specified explicitly using 'hibernate.dialect' (remove the property setting and it will be selected by default)
2025-07-16T01:29:18.985+08:00  INFO 7747 --- [medical-register] [           main] org.hibernate.orm.connections.pooling    : HHH10001005: Database info:
	Database JDBC URL [Connecting through datasource 'HikariDataSource (HikariPool-1)']
	Database driver: undefined/unknown
	Database version: 2.3.232
	Autocommit mode: undefined/unknown
	Isolation level: undefined/unknown
	Minimum pool size: undefined/unknown
	Maximum pool size: undefined/unknown
2025-07-16T01:29:19.206+08:00  INFO 7747 --- [medical-register] [           main] o.h.e.t.j.p.i.JtaPlatformInitiator       : HHH000489: No JTA platform available (set 'hibernate.transaction.jta.platform' to enable JTA platform integration)
2025-07-16T01:29:19.226+08:00  INFO 7747 --- [medical-register] [           main] j.LocalContainerEntityManagerFactoryBean : Initialized JPA EntityManagerFactory for persistence unit 'default'
2025-07-16T01:29:19.353+08:00 DEBUG 7747 --- [medical-register] [           main] o.s.web.client.RestTemplate              : HTTP GET https://dev-kofq520tc7ubr8q0.us.auth0.com/.well-known/openid-configuration
2025-07-16T01:29:19.358+08:00 DEBUG 7747 --- [medical-register] [           main] o.s.web.client.RestTemplate              : Accept=[application/json, application/*+json]
2025-07-16T01:29:19.532+08:00 DEBUG 7747 --- [medical-register] [           main] o.s.web.client.RestTemplate              : Response 200 OK
2025-07-16T01:29:19.533+08:00 DEBUG 7747 --- [medical-register] [           main] o.s.web.client.RestTemplate              : Reading to [java.util.Map<java.lang.String, java.lang.Object>]
2025-07-16T01:29:19.627+08:00 DEBUG 7747 --- [medical-register] [           main] s.w.s.m.m.a.RequestMappingHandlerMapping : 2 mappings in 'requestMappingHandlerMapping'
2025-07-16T01:29:19.655+08:00 DEBUG 7747 --- [medical-register] [           main] o.s.w.s.handler.SimpleUrlHandlerMapping  : Patterns [/webjars/**, /**] in 'resourceHandlerMapping'
2025-07-16T01:29:19.660+08:00 DEBUG 7747 --- [medical-register] [           main] swordEncoderAuthenticationManagerBuilder : No authenticationProviders and no parentAuthenticationManager defined. Returning null.
2025-07-16T01:29:19.693+08:00 DEBUG 7747 --- [medical-register] [           main] o.s.s.web.DefaultSecurityFilterChain     : Will secure any request with filters: DisableEncodeUrlFilter, WebAsyncManagerIntegrationFilter, SecurityContextHolderFilter, HeaderWriterFilter, LogoutFilter, OAuth2AuthorizationRequestRedirectFilter, OAuth2LoginAuthenticationFilter, DefaultResourcesFilter, DefaultLoginPageGeneratingFilter, DefaultLogoutPageGeneratingFilter, RequestCacheAwareFilter, SecurityContextHolderAwareRequestFilter, AnonymousAuthenticationFilter, ExceptionTranslationFilter, AuthorizationFilter
2025-07-16T01:29:19.742+08:00 DEBUG 7747 --- [medical-register] [           main] s.w.s.m.m.a.RequestMappingHandlerAdapter : ControllerAdvice beans: 0 @ModelAttribute, 0 @InitBinder, 1 RequestBodyAdvice, 1 ResponseBodyAdvice
2025-07-16T01:29:19.754+08:00 DEBUG 7747 --- [medical-register] [           main] .m.m.a.ExceptionHandlerExceptionResolver : ControllerAdvice beans: 0 @ExceptionHandler, 1 ResponseBodyAdvice
2025-07-16T01:29:19.775+08:00  INFO 7747 --- [medical-register] [           main] o.s.b.a.h2.H2ConsoleAutoConfiguration    : H2 console available at '/h2-console'. Database available at 'jdbc:h2:mem:medregdb'
2025-07-16T01:29:19.796+08:00  INFO 7747 --- [medical-register] [           main] c.e.m.MedicalRegisterApplicationTests    : Started MedicalRegisterApplicationTests in 1.45 seconds (process running for 2.174)
]]></system-out>
  </testcase>
</testsuite>